2026-01-17 00:31:56 | INFO     | run:390 | ================================================================================
2026-01-17 00:31:56 | INFO     | run:391 | DATA QUALITY PIPELINE STARTED
2026-01-17 00:31:56 | INFO     | run:392 | ================================================================================
2026-01-17 00:31:56 | INFO     | _load_configuration:89 | ================================================================================
2026-01-17 00:31:56 | INFO     | _load_configuration:90 | Loading configuration file
2026-01-17 00:31:56 | INFO     | _load_configuration:101 | Configuration loaded from: configs/dq_config.yaml
2026-01-17 00:31:56 | DEBUG    | _load_configuration:102 | Config contents: {
  "file_path": "data/raw/global_health_data.csv",
  "chunk_size": 50000,
  "parallel_processing": true,
  "num_workers": 6,
  "schema_path": "schemas/health_schema.json",
  "validation_result_format": "SUMMARY",
  "fail_on_error": false,
  "skip_validation": false,
  "enable_profiling": true,
  "include_percentiles": true,
  "include_value_counts": true,
  "max_unique_for_counts": 50,
  "generate_datadocs": true,
  "datadocs_sample_size": 100000,
  "output_dir": "outputs",
  "save_chunk_reports": true,
  "save_overall_report": true,
  "generate_html_report": true,
  "use_schema_dtypes": true,
  "low_memory": true,
  "memory_limit_per_worker_gb": 8,
  "log_level": "INFO",
  "log_to_file": true,
  "log_dir": "logs",
  "log_max_size_mb": 100,
  "log_backup_count": 5,
  "continue_on_chunk_error": true,
  "save_error_details": true,
  "max_retries": 2,
  "auto_estimate_chunk_size": false,
  "available_memory_gb": 64,
  "csv_engine": "c",
  "parse_dates": false,
  "compression": null,
  "progress_report_interval": 10,
  "enable_performance_metrics": true,
  "alert_threshold_failed_chunks_pct": 10,
  "alert_threshold_failed_expectations_pct": 5
}
2026-01-17 00:31:56 | INFO     | _load_configuration:114 | ✓ Schema loaded from: schemas/health_schema.json
2026-01-17 00:31:56 | INFO     | _load_configuration:115 |   Schema contains 22 columns
2026-01-17 00:31:56 | INFO     | _load_configuration:132 | Data file found: data/raw/global_health_data.csv (128.00 MB)
2026-01-17 00:31:56 | INFO     | _clean_output_directories:176 | Cleaning output directories from previous runs...
2026-01-17 00:31:56 | INFO     | _clean_output_directories:191 |   Deleted 20 chunk reports
2026-01-17 00:31:56 | INFO     | _clean_output_directories:211 |   Deleted 1 summary files
2026-01-17 00:31:56 | INFO     | _clean_output_directories:218 |   Deleted Great Expectations directory (saves disk space)
2026-01-17 00:31:56 | INFO     | _clean_output_directories:223 | Cleaned 21 old files
2026-01-17 00:31:56 | INFO     | _create_output_directories:165 | Output directories created/verified
2026-01-17 00:31:56 | INFO     | run:409 | ================================================================================
2026-01-17 00:31:56 | INFO     | run:410 | PROCESSING DATA CHUNKS
2026-01-17 00:31:56 | INFO     | run:411 | ================================================================================
2026-01-17 00:31:56 | INFO     | _process_chunk:248 | Processing chunk 1 (50000 rows)...
2026-01-17 00:31:56 | DEBUG    | _process_chunk:254 | Chunk 1: Profiling columns...
2026-01-17 00:31:57 | DEBUG    | _process_chunk:258 | Chunk 1: Validating schema...
2026-01-17 00:31:58 | WARNING  | _process_chunk:282 | Chunk 1 FAILED validation (1 failed expectations)
2026-01-17 00:31:58 | INFO     | _process_chunk:248 | Processing chunk 2 (50000 rows)...
2026-01-17 00:31:58 | DEBUG    | _process_chunk:254 | Chunk 2: Profiling columns...
2026-01-17 00:31:59 | DEBUG    | _process_chunk:258 | Chunk 2: Validating schema...
2026-01-17 00:32:00 | WARNING  | _process_chunk:282 | Chunk 2 FAILED validation (1 failed expectations)
2026-01-17 00:32:00 | INFO     | _process_chunk:248 | Processing chunk 3 (50000 rows)...
2026-01-17 00:32:00 | DEBUG    | _process_chunk:254 | Chunk 3: Profiling columns...
2026-01-17 00:32:01 | DEBUG    | _process_chunk:258 | Chunk 3: Validating schema...
2026-01-17 00:32:02 | WARNING  | _process_chunk:282 | Chunk 3 FAILED validation (1 failed expectations)
2026-01-17 00:32:02 | INFO     | _process_chunk:248 | Processing chunk 4 (50000 rows)...
2026-01-17 00:32:02 | DEBUG    | _process_chunk:254 | Chunk 4: Profiling columns...
2026-01-17 00:32:02 | DEBUG    | _process_chunk:258 | Chunk 4: Validating schema...
2026-01-17 00:32:03 | WARNING  | _process_chunk:282 | Chunk 4 FAILED validation (1 failed expectations)
2026-01-17 00:32:04 | INFO     | _process_chunk:248 | Processing chunk 5 (50000 rows)...
2026-01-17 00:32:04 | DEBUG    | _process_chunk:254 | Chunk 5: Profiling columns...
2026-01-17 00:32:04 | DEBUG    | _process_chunk:258 | Chunk 5: Validating schema...
2026-01-17 00:32:05 | WARNING  | _process_chunk:282 | Chunk 5 FAILED validation (1 failed expectations)
2026-01-17 00:32:05 | INFO     | _process_chunk:248 | Processing chunk 6 (50000 rows)...
2026-01-17 00:32:05 | DEBUG    | _process_chunk:254 | Chunk 6: Profiling columns...
2026-01-17 00:32:06 | DEBUG    | _process_chunk:258 | Chunk 6: Validating schema...
2026-01-17 00:32:07 | WARNING  | _process_chunk:282 | Chunk 6 FAILED validation (1 failed expectations)
2026-01-17 00:32:07 | INFO     | _process_chunk:248 | Processing chunk 7 (50000 rows)...
2026-01-17 00:32:07 | DEBUG    | _process_chunk:254 | Chunk 7: Profiling columns...
2026-01-17 00:32:08 | DEBUG    | _process_chunk:258 | Chunk 7: Validating schema...
2026-01-17 00:32:09 | WARNING  | _process_chunk:282 | Chunk 7 FAILED validation (1 failed expectations)
2026-01-17 00:32:09 | INFO     | _process_chunk:248 | Processing chunk 8 (50000 rows)...
2026-01-17 00:32:09 | DEBUG    | _process_chunk:254 | Chunk 8: Profiling columns...
2026-01-17 00:32:10 | DEBUG    | _process_chunk:258 | Chunk 8: Validating schema...
2026-01-17 00:32:10 | WARNING  | _process_chunk:282 | Chunk 8 FAILED validation (1 failed expectations)
2026-01-17 00:32:11 | INFO     | _process_chunk:248 | Processing chunk 9 (50000 rows)...
2026-01-17 00:32:11 | DEBUG    | _process_chunk:254 | Chunk 9: Profiling columns...
2026-01-17 00:32:11 | DEBUG    | _process_chunk:258 | Chunk 9: Validating schema...
2026-01-17 00:32:12 | WARNING  | _process_chunk:282 | Chunk 9 FAILED validation (1 failed expectations)
2026-01-17 00:32:12 | INFO     | _process_chunk:248 | Processing chunk 10 (50000 rows)...
2026-01-17 00:32:12 | DEBUG    | _process_chunk:254 | Chunk 10: Profiling columns...
2026-01-17 00:32:13 | DEBUG    | _process_chunk:258 | Chunk 10: Validating schema...
2026-01-17 00:32:14 | WARNING  | _process_chunk:282 | Chunk 10 FAILED validation (1 failed expectations)
2026-01-17 00:32:14 | INFO     | run:424 | Progress: 10 chunks, 500,000 rows processed
2026-01-17 00:32:14 | INFO     | _process_chunk:248 | Processing chunk 11 (50000 rows)...
2026-01-17 00:32:14 | DEBUG    | _process_chunk:254 | Chunk 11: Profiling columns...
2026-01-17 00:32:15 | DEBUG    | _process_chunk:258 | Chunk 11: Validating schema...
2026-01-17 00:32:16 | WARNING  | _process_chunk:282 | Chunk 11 FAILED validation (1 failed expectations)
2026-01-17 00:32:16 | INFO     | _process_chunk:248 | Processing chunk 12 (50000 rows)...
2026-01-17 00:32:16 | DEBUG    | _process_chunk:254 | Chunk 12: Profiling columns...
2026-01-17 00:32:16 | DEBUG    | _process_chunk:258 | Chunk 12: Validating schema...
2026-01-17 00:32:17 | WARNING  | _process_chunk:282 | Chunk 12 FAILED validation (1 failed expectations)
2026-01-17 00:32:18 | INFO     | _process_chunk:248 | Processing chunk 13 (50000 rows)...
2026-01-17 00:32:18 | DEBUG    | _process_chunk:254 | Chunk 13: Profiling columns...
2026-01-17 00:32:18 | DEBUG    | _process_chunk:258 | Chunk 13: Validating schema...
2026-01-17 00:32:19 | WARNING  | _process_chunk:282 | Chunk 13 FAILED validation (1 failed expectations)
2026-01-17 00:32:20 | INFO     | _process_chunk:248 | Processing chunk 14 (50000 rows)...
2026-01-17 00:32:20 | DEBUG    | _process_chunk:254 | Chunk 14: Profiling columns...
2026-01-17 00:32:20 | DEBUG    | _process_chunk:258 | Chunk 14: Validating schema...
2026-01-17 00:32:21 | WARNING  | _process_chunk:282 | Chunk 14 FAILED validation (1 failed expectations)
2026-01-17 00:32:21 | INFO     | _process_chunk:248 | Processing chunk 15 (50000 rows)...
2026-01-17 00:32:21 | DEBUG    | _process_chunk:254 | Chunk 15: Profiling columns...
2026-01-17 00:32:22 | DEBUG    | _process_chunk:258 | Chunk 15: Validating schema...
2026-01-17 00:32:23 | WARNING  | _process_chunk:282 | Chunk 15 FAILED validation (1 failed expectations)
2026-01-17 00:32:23 | INFO     | _process_chunk:248 | Processing chunk 16 (50000 rows)...
2026-01-17 00:32:23 | DEBUG    | _process_chunk:254 | Chunk 16: Profiling columns...
2026-01-17 00:32:24 | DEBUG    | _process_chunk:258 | Chunk 16: Validating schema...
2026-01-17 00:32:25 | WARNING  | _process_chunk:282 | Chunk 16 FAILED validation (1 failed expectations)
2026-01-17 00:32:25 | INFO     | _process_chunk:248 | Processing chunk 17 (50000 rows)...
2026-01-17 00:32:25 | DEBUG    | _process_chunk:254 | Chunk 17: Profiling columns...
2026-01-17 00:32:26 | DEBUG    | _process_chunk:258 | Chunk 17: Validating schema...
2026-01-17 00:32:27 | WARNING  | _process_chunk:282 | Chunk 17 FAILED validation (1 failed expectations)
2026-01-17 00:32:27 | INFO     | _process_chunk:248 | Processing chunk 18 (50000 rows)...
2026-01-17 00:32:27 | DEBUG    | _process_chunk:254 | Chunk 18: Profiling columns...
2026-01-17 00:32:27 | DEBUG    | _process_chunk:258 | Chunk 18: Validating schema...
2026-01-17 00:32:28 | WARNING  | _process_chunk:282 | Chunk 18 FAILED validation (1 failed expectations)
2026-01-17 00:32:29 | INFO     | _process_chunk:248 | Processing chunk 19 (50000 rows)...
2026-01-17 00:32:29 | DEBUG    | _process_chunk:254 | Chunk 19: Profiling columns...
2026-01-17 00:32:29 | DEBUG    | _process_chunk:258 | Chunk 19: Validating schema...
2026-01-17 00:32:30 | WARNING  | _process_chunk:282 | Chunk 19 FAILED validation (1 failed expectations)
2026-01-17 00:32:31 | INFO     | _process_chunk:248 | Processing chunk 20 (50000 rows)...
2026-01-17 00:32:31 | DEBUG    | _process_chunk:254 | Chunk 20: Profiling columns...
2026-01-17 00:32:31 | DEBUG    | _process_chunk:258 | Chunk 20: Validating schema...
2026-01-17 00:32:32 | WARNING  | _process_chunk:282 | Chunk 20 FAILED validation (1 failed expectations)
2026-01-17 00:32:32 | INFO     | run:424 | Progress: 20 chunks, 1,000,000 rows processed
2026-01-17 00:32:32 | INFO     | _generate_overall_report:360 | ================================================================================
2026-01-17 00:32:32 | INFO     | _generate_overall_report:361 | PIPELINE SUMMARY
2026-01-17 00:32:32 | INFO     | _generate_overall_report:362 | ================================================================================
2026-01-17 00:32:32 | INFO     | _generate_overall_report:363 | Total rows processed: 1,000,000
2026-01-17 00:32:32 | INFO     | _generate_overall_report:364 | Total chunks processed: 20
2026-01-17 00:32:32 | INFO     | _generate_overall_report:365 | Successful chunks: 0
2026-01-17 00:32:32 | INFO     | _generate_overall_report:366 | Failed chunks: 20
2026-01-17 00:32:32 | INFO     | _generate_overall_report:367 | Error chunks: 0
2026-01-17 00:32:32 | INFO     | _generate_overall_report:368 | Success rate: 0.0%
2026-01-17 00:32:32 | INFO     | _generate_overall_report:369 | Processing speed: 27,981.88 rows/sec
2026-01-17 00:32:32 | INFO     | _generate_overall_report:370 | Elapsed time: 35.74 seconds
2026-01-17 00:32:32 | INFO     | _generate_overall_report:371 | ================================================================================
2026-01-17 00:32:32 | INFO     | run:442 | ================================================================================
2026-01-17 00:32:32 | INFO     | run:443 | Generating Great Expectations DataDocs...
2026-01-17 00:32:45 | INFO     | run:450 | ✓ DataDocs generated at: C:\Users\rajsh\Downloads\dataQualityImproved\outputs\great_expectations\uncommitted\data_docs\local_site\index.html
2026-01-17 00:32:45 | INFO     | run:461 | ✓ Pipeline completed successfully
2026-01-17 00:32:45 | INFO     | run:473 | Pipeline execution time: 48.65 seconds
2026-01-17 00:32:45 | INFO     | run:474 | ================================================================================
