2026-03-07 07:52:33 | INFO     | run:390 | ================================================================================
2026-03-07 07:52:33 | INFO     | run:391 | DATA QUALITY PIPELINE STARTED
2026-03-07 07:52:33 | INFO     | run:392 | ================================================================================
2026-03-07 07:52:33 | INFO     | _load_configuration:89 | ================================================================================
2026-03-07 07:52:33 | INFO     | _load_configuration:90 | Loading configuration file
2026-03-07 07:52:33 | INFO     | _load_configuration:101 | Configuration loaded from: configs/dq_config.yaml
2026-03-07 07:52:33 | DEBUG    | _load_configuration:102 | Config contents: {
  "file_path": "data/raw/global_health_data.csv",
  "chunk_size": 50000,
  "parallel_processing": true,
  "num_workers": 6,
  "schema_path": "schemas/health_schema.json",
  "validation_result_format": "SUMMARY",
  "fail_on_error": false,
  "skip_validation": false,
  "enable_profiling": true,
  "include_percentiles": true,
  "include_value_counts": true,
  "max_unique_for_counts": 50,
  "generate_datadocs": true,
  "datadocs_sample_size": 100000,
  "output_dir": "outputs",
  "save_chunk_reports": true,
  "save_overall_report": true,
  "generate_html_report": true,
  "use_schema_dtypes": true,
  "low_memory": true,
  "memory_limit_per_worker_gb": 8,
  "log_level": "INFO",
  "log_to_file": true,
  "log_dir": "logs",
  "log_max_size_mb": 100,
  "log_backup_count": 5,
  "continue_on_chunk_error": true,
  "save_error_details": true,
  "max_retries": 2,
  "auto_estimate_chunk_size": false,
  "available_memory_gb": 64,
  "csv_engine": "c",
  "parse_dates": false,
  "compression": null,
  "progress_report_interval": 10,
  "enable_performance_metrics": true,
  "alert_threshold_failed_chunks_pct": 10,
  "alert_threshold_failed_expectations_pct": 5
}
2026-03-07 07:52:33 | INFO     | _load_configuration:114 | ✓ Schema loaded from: schemas/health_schema.json
2026-03-07 07:52:33 | INFO     | _load_configuration:115 |   Schema contains 22 columns
2026-03-07 07:52:33 | INFO     | _load_configuration:132 | Data file found: data/raw/global_health_data.csv (128.00 MB)
2026-03-07 07:52:33 | INFO     | _clean_output_directories:176 | Cleaning output directories from previous runs...
2026-03-07 07:52:33 | INFO     | _clean_output_directories:211 |   Deleted 1 summary files
2026-03-07 07:52:33 | INFO     | _clean_output_directories:218 |   Deleted Great Expectations directory (saves disk space)
2026-03-07 07:52:33 | INFO     | _clean_output_directories:223 | Cleaned 1 old files
2026-03-07 07:52:33 | INFO     | _create_output_directories:165 | Output directories created/verified
2026-03-07 07:52:33 | INFO     | run:409 | ================================================================================
2026-03-07 07:52:33 | INFO     | run:410 | PROCESSING DATA CHUNKS
2026-03-07 07:52:33 | INFO     | run:411 | ================================================================================
2026-03-07 07:52:33 | INFO     | _process_chunk:248 | Processing chunk 1 (50000 rows)...
2026-03-07 07:52:33 | DEBUG    | _process_chunk:254 | Chunk 1: Profiling columns...
2026-03-07 07:52:34 | DEBUG    | _process_chunk:258 | Chunk 1: Validating schema...
2026-03-07 07:52:34 | WARNING  | _process_chunk:282 | Chunk 1 FAILED validation (8 failed expectations)
2026-03-07 07:52:34 | INFO     | _process_chunk:248 | Processing chunk 2 (50000 rows)...
2026-03-07 07:52:34 | DEBUG    | _process_chunk:254 | Chunk 2: Profiling columns...
2026-03-07 07:52:35 | DEBUG    | _process_chunk:258 | Chunk 2: Validating schema...
2026-03-07 07:52:35 | WARNING  | _process_chunk:282 | Chunk 2 FAILED validation (8 failed expectations)
2026-03-07 07:52:36 | INFO     | _process_chunk:248 | Processing chunk 3 (50000 rows)...
2026-03-07 07:52:36 | DEBUG    | _process_chunk:254 | Chunk 3: Profiling columns...
2026-03-07 07:52:36 | DEBUG    | _process_chunk:258 | Chunk 3: Validating schema...
2026-03-07 07:52:37 | WARNING  | _process_chunk:282 | Chunk 3 FAILED validation (8 failed expectations)
2026-03-07 07:52:37 | INFO     | _process_chunk:248 | Processing chunk 4 (50000 rows)...
2026-03-07 07:52:37 | DEBUG    | _process_chunk:254 | Chunk 4: Profiling columns...
2026-03-07 07:52:38 | DEBUG    | _process_chunk:258 | Chunk 4: Validating schema...
2026-03-07 07:52:38 | WARNING  | _process_chunk:282 | Chunk 4 FAILED validation (8 failed expectations)
2026-03-07 07:52:38 | INFO     | _process_chunk:248 | Processing chunk 5 (50000 rows)...
2026-03-07 07:52:38 | DEBUG    | _process_chunk:254 | Chunk 5: Profiling columns...
2026-03-07 07:52:39 | DEBUG    | _process_chunk:258 | Chunk 5: Validating schema...
2026-03-07 07:52:39 | WARNING  | _process_chunk:282 | Chunk 5 FAILED validation (8 failed expectations)
2026-03-07 07:52:40 | INFO     | _process_chunk:248 | Processing chunk 6 (50000 rows)...
2026-03-07 07:52:40 | DEBUG    | _process_chunk:254 | Chunk 6: Profiling columns...
2026-03-07 07:52:40 | DEBUG    | _process_chunk:258 | Chunk 6: Validating schema...
2026-03-07 07:52:41 | WARNING  | _process_chunk:282 | Chunk 6 FAILED validation (8 failed expectations)
2026-03-07 07:52:41 | INFO     | _process_chunk:248 | Processing chunk 7 (50000 rows)...
2026-03-07 07:52:41 | DEBUG    | _process_chunk:254 | Chunk 7: Profiling columns...
2026-03-07 07:52:41 | DEBUG    | _process_chunk:258 | Chunk 7: Validating schema...
2026-03-07 07:52:42 | WARNING  | _process_chunk:282 | Chunk 7 FAILED validation (8 failed expectations)
2026-03-07 07:52:42 | INFO     | _process_chunk:248 | Processing chunk 8 (50000 rows)...
2026-03-07 07:52:42 | DEBUG    | _process_chunk:254 | Chunk 8: Profiling columns...
2026-03-07 07:52:42 | DEBUG    | _process_chunk:258 | Chunk 8: Validating schema...
2026-03-07 07:52:43 | WARNING  | _process_chunk:282 | Chunk 8 FAILED validation (8 failed expectations)
2026-03-07 07:52:43 | INFO     | _process_chunk:248 | Processing chunk 9 (50000 rows)...
2026-03-07 07:52:43 | DEBUG    | _process_chunk:254 | Chunk 9: Profiling columns...
2026-03-07 07:52:43 | DEBUG    | _process_chunk:258 | Chunk 9: Validating schema...
2026-03-07 07:52:44 | WARNING  | _process_chunk:282 | Chunk 9 FAILED validation (8 failed expectations)
2026-03-07 07:52:45 | INFO     | _process_chunk:248 | Processing chunk 10 (50000 rows)...
2026-03-07 07:52:45 | DEBUG    | _process_chunk:254 | Chunk 10: Profiling columns...
2026-03-07 07:52:45 | DEBUG    | _process_chunk:258 | Chunk 10: Validating schema...
2026-03-07 07:52:45 | WARNING  | _process_chunk:282 | Chunk 10 FAILED validation (8 failed expectations)
2026-03-07 07:52:45 | INFO     | run:424 | Progress: 10 chunks, 500,000 rows processed
2026-03-07 07:52:46 | INFO     | _process_chunk:248 | Processing chunk 11 (50000 rows)...
2026-03-07 07:52:46 | DEBUG    | _process_chunk:254 | Chunk 11: Profiling columns...
2026-03-07 07:52:47 | DEBUG    | _process_chunk:258 | Chunk 11: Validating schema...
2026-03-07 07:52:47 | WARNING  | _process_chunk:282 | Chunk 11 FAILED validation (8 failed expectations)
2026-03-07 07:52:47 | INFO     | _process_chunk:248 | Processing chunk 12 (50000 rows)...
2026-03-07 07:52:47 | DEBUG    | _process_chunk:254 | Chunk 12: Profiling columns...
2026-03-07 07:52:48 | DEBUG    | _process_chunk:258 | Chunk 12: Validating schema...
2026-03-07 07:52:48 | WARNING  | _process_chunk:282 | Chunk 12 FAILED validation (8 failed expectations)
2026-03-07 07:52:48 | INFO     | _process_chunk:248 | Processing chunk 13 (50000 rows)...
2026-03-07 07:52:48 | DEBUG    | _process_chunk:254 | Chunk 13: Profiling columns...
2026-03-07 07:52:49 | DEBUG    | _process_chunk:258 | Chunk 13: Validating schema...
2026-03-07 07:52:49 | WARNING  | _process_chunk:282 | Chunk 13 FAILED validation (8 failed expectations)
2026-03-07 07:52:50 | INFO     | _process_chunk:248 | Processing chunk 14 (50000 rows)...
2026-03-07 07:52:50 | DEBUG    | _process_chunk:254 | Chunk 14: Profiling columns...
2026-03-07 07:52:50 | DEBUG    | _process_chunk:258 | Chunk 14: Validating schema...
2026-03-07 07:52:51 | WARNING  | _process_chunk:282 | Chunk 14 FAILED validation (8 failed expectations)
2026-03-07 07:52:51 | INFO     | _process_chunk:248 | Processing chunk 15 (50000 rows)...
2026-03-07 07:52:51 | DEBUG    | _process_chunk:254 | Chunk 15: Profiling columns...
2026-03-07 07:52:51 | DEBUG    | _process_chunk:258 | Chunk 15: Validating schema...
2026-03-07 07:52:52 | WARNING  | _process_chunk:282 | Chunk 15 FAILED validation (8 failed expectations)
2026-03-07 07:52:52 | INFO     | _process_chunk:248 | Processing chunk 16 (50000 rows)...
2026-03-07 07:52:52 | DEBUG    | _process_chunk:254 | Chunk 16: Profiling columns...
2026-03-07 07:52:52 | DEBUG    | _process_chunk:258 | Chunk 16: Validating schema...
2026-03-07 07:52:53 | WARNING  | _process_chunk:282 | Chunk 16 FAILED validation (8 failed expectations)
2026-03-07 07:52:54 | INFO     | _process_chunk:248 | Processing chunk 17 (50000 rows)...
2026-03-07 07:52:54 | DEBUG    | _process_chunk:254 | Chunk 17: Profiling columns...
2026-03-07 07:52:54 | DEBUG    | _process_chunk:258 | Chunk 17: Validating schema...
2026-03-07 07:52:55 | WARNING  | _process_chunk:282 | Chunk 17 FAILED validation (8 failed expectations)
2026-03-07 07:52:55 | INFO     | _process_chunk:248 | Processing chunk 18 (50000 rows)...
2026-03-07 07:52:55 | DEBUG    | _process_chunk:254 | Chunk 18: Profiling columns...
2026-03-07 07:52:56 | DEBUG    | _process_chunk:258 | Chunk 18: Validating schema...
2026-03-07 07:52:58 | WARNING  | _process_chunk:282 | Chunk 18 FAILED validation (8 failed expectations)
2026-03-07 07:52:59 | INFO     | _process_chunk:248 | Processing chunk 19 (50000 rows)...
2026-03-07 07:52:59 | DEBUG    | _process_chunk:254 | Chunk 19: Profiling columns...
2026-03-07 07:53:01 | DEBUG    | _process_chunk:258 | Chunk 19: Validating schema...
2026-03-07 07:53:03 | WARNING  | _process_chunk:282 | Chunk 19 FAILED validation (8 failed expectations)
2026-03-07 07:53:04 | INFO     | _process_chunk:248 | Processing chunk 20 (50000 rows)...
2026-03-07 07:53:04 | DEBUG    | _process_chunk:254 | Chunk 20: Profiling columns...
2026-03-07 07:53:05 | DEBUG    | _process_chunk:258 | Chunk 20: Validating schema...
2026-03-07 07:53:05 | WARNING  | _process_chunk:282 | Chunk 20 FAILED validation (8 failed expectations)
2026-03-07 07:53:05 | INFO     | run:424 | Progress: 20 chunks, 1,000,000 rows processed
2026-03-07 07:53:05 | INFO     | _generate_overall_report:360 | ================================================================================
2026-03-07 07:53:05 | INFO     | _generate_overall_report:361 | PIPELINE SUMMARY
2026-03-07 07:53:05 | INFO     | _generate_overall_report:362 | ================================================================================
2026-03-07 07:53:05 | INFO     | _generate_overall_report:363 | Total rows processed: 1,000,000
2026-03-07 07:53:05 | INFO     | _generate_overall_report:364 | Total chunks processed: 20
2026-03-07 07:53:05 | INFO     | _generate_overall_report:365 | Successful chunks: 0
2026-03-07 07:53:05 | INFO     | _generate_overall_report:366 | Failed chunks: 20
2026-03-07 07:53:05 | INFO     | _generate_overall_report:367 | Error chunks: 0
2026-03-07 07:53:05 | INFO     | _generate_overall_report:368 | Success rate: 0.0%
2026-03-07 07:53:05 | INFO     | _generate_overall_report:369 | Processing speed: 31,034.62 rows/sec
2026-03-07 07:53:05 | INFO     | _generate_overall_report:370 | Elapsed time: 32.22 seconds
2026-03-07 07:53:05 | INFO     | _generate_overall_report:371 | ================================================================================
2026-03-07 07:53:05 | INFO     | run:442 | ================================================================================
2026-03-07 07:53:05 | INFO     | run:443 | Generating Great Expectations DataDocs...
2026-03-07 07:53:07 | ERROR    | run:452 | Failed to generate DataDocs: root_directory must be an absolute path. Got outputs\great_expectations instead.
2026-03-07 07:53:07 | DEBUG    | run:453 | Traceback (most recent call last):
  File "R:\Dummy_Project\dataQualityImproved\scripts\run_dq_pipeline.py", line 445, in run
    datadocs_path = generate_datadocs(
                    ^^^^^^^^^^^^^^^^^^
  File "R:\Dummy_Project\dataQualityImproved\src\reporting\datadocs_generator.py", line 46, in generate_datadocs
    context = _create_data_context(ge_root)
              ^^^^^^^^^^^^^^^^^^^^^^^^^^^^^
  File "R:\Dummy_Project\dataQualityImproved\src\reporting\datadocs_generator.py", line 177, in _create_data_context
    context = FileDataContext(
              ^^^^^^^^^^^^^^^^
  File "R:\Dummy_Project\dataQualityImproved\venv\Lib\site-packages\great_expectations\data_context\data_context\file_data_context.py", line 67, in __init__
    super().__init__(
  File "R:\Dummy_Project\dataQualityImproved\venv\Lib\site-packages\great_expectations\data_context\data_context\serializable_data_context.py", line 68, in __init__
    super().__init__(runtime_environment=runtime_environment)
  File "R:\Dummy_Project\dataQualityImproved\venv\Lib\site-packages\great_expectations\core\usage_statistics\usage_statistics.py", line 266, in usage_statistics_wrapped_method
    result = func(*args, **kwargs)
             ^^^^^^^^^^^^^^^^^^^^^
  File "R:\Dummy_Project\dataQualityImproved\venv\Lib\site-packages\great_expectations\data_context\data_context\abstract_data_context.py", line 304, in __init__
    self._init_primary_stores(self.project_config_with_variables_substituted.stores)
  File "R:\Dummy_Project\dataQualityImproved\venv\Lib\site-packages\great_expectations\data_context\data_context\abstract_data_context.py", line 4397, in _init_primary_stores
    self._build_store_from_config(store_name, store_config)
  File "R:\Dummy_Project\dataQualityImproved\venv\Lib\site-packages\great_expectations\data_context\data_context\abstract_data_context.py", line 4330, in _build_store_from_config
    new_store = Store.build_store_from_config(
                ^^^^^^^^^^^^^^^^^^^^^^^^^^^^^^
  File "R:\Dummy_Project\dataQualityImproved\venv\Lib\site-packages\great_expectations\data_context\store\store.py", line 319, in build_store_from_config
    new_store = instantiate_class_from_config(
                ^^^^^^^^^^^^^^^^^^^^^^^^^^^^^^
  File "R:\Dummy_Project\dataQualityImproved\venv\Lib\site-packages\great_expectations\data_context\util.py", line 90, in instantiate_class_from_config
    class_instance = class_(**config_with_defaults)
                     ^^^^^^^^^^^^^^^^^^^^^^^^^^^^^^
  File "R:\Dummy_Project\dataQualityImproved\venv\Lib\site-packages\great_expectations\data_context\store\expectations_store.py", line 164, in __init__
    super().__init__(
  File "R:\Dummy_Project\dataQualityImproved\venv\Lib\site-packages\great_expectations\data_context\store\store.py", line 87, in __init__
    self._store_backend = instantiate_class_from_config(
                          ^^^^^^^^^^^^^^^^^^^^^^^^^^^^^^
  File "R:\Dummy_Project\dataQualityImproved\venv\Lib\site-packages\great_expectations\data_context\util.py", line 90, in instantiate_class_from_config
    class_instance = class_(**config_with_defaults)
                     ^^^^^^^^^^^^^^^^^^^^^^^^^^^^^^
  File "R:\Dummy_Project\dataQualityImproved\venv\Lib\site-packages\great_expectations\data_context\store\tuple_store_backend.py", line 264, in __init__
    raise ValueError(
ValueError: root_directory must be an absolute path. Got outputs\great_expectations instead.

2026-03-07 07:53:07 | INFO     | run:461 | ✓ Pipeline completed successfully
2026-03-07 07:53:07 | INFO     | run:473 | Pipeline execution time: 33.81 seconds
2026-03-07 07:53:07 | INFO     | run:474 | ================================================================================
