2026-03-07 09:25:02 | INFO     | run:412 | ================================================================================
2026-03-07 09:25:02 | INFO     | run:413 | DATA QUALITY PIPELINE STARTED
2026-03-07 09:25:02 | INFO     | run:414 | ================================================================================
2026-03-07 09:25:02 | INFO     | _load_configuration:94 | ================================================================================
2026-03-07 09:25:02 | INFO     | _load_configuration:95 | Loading configuration file
2026-03-07 09:25:02 | INFO     | _load_configuration:106 | Configuration loaded from: configs/dq_config.yaml
2026-03-07 09:25:02 | DEBUG    | _load_configuration:110 | Config contents: {
  "file_path": "[DS_001]",
  "chunk_size": 50000,
  "parallel_processing": true,
  "num_workers": 6,
  "schema_path": "[DS_001_SCHEMA]",
  "validation_result_format": "SUMMARY",
  "fail_on_error": false,
  "skip_validation": false,
  "enable_profiling": true,
  "include_percentiles": true,
  "include_value_counts": true,
  "max_unique_for_counts": 50,
  "generate_datadocs": true,
  "datadocs_sample_size": 10000,
  "output_dir": "outputs",
  "save_chunk_reports": true,
  "save_overall_report": true,
  "generate_html_report": true,
  "use_schema_dtypes": true,
  "low_memory": true,
  "memory_limit_per_worker_gb": 8,
  "log_level": "INFO",
  "log_to_file": true,
  "log_dir": "logs",
  "log_max_size_mb": 100,
  "log_backup_count": 5,
  "continue_on_chunk_error": true,
  "save_error_details": true,
  "max_retries": 2,
  "auto_estimate_chunk_size": false,
  "available_memory_gb": 64,
  "csv_engine": "c",
  "parse_dates": false,
  "compression": null,
  "progress_report_interval": 10,
  "enable_performance_metrics": true,
  "alert_threshold_failed_chunks_pct": 10,
  "alert_threshold_failed_expectations_pct": 5
}
2026-03-07 09:25:02 | INFO     | _load_configuration:126 | ✓ Schema loaded for dataset: DS_001
2026-03-07 09:25:02 | INFO     | _load_configuration:127 |   Schema contains 22 columns
2026-03-07 09:25:02 | INFO     | _load_configuration:145 | Data file found: DS_001 (128.00 MB)
2026-03-07 09:25:02 | INFO     | _clean_output_directories:189 | Cleaning output directories from previous runs...
2026-03-07 09:25:02 | INFO     | _clean_output_directories:204 |   Deleted 10 chunk reports
2026-03-07 09:25:02 | INFO     | _clean_output_directories:224 |   Deleted 1 summary files
2026-03-07 09:25:02 | INFO     | _clean_output_directories:231 |   Deleted Great Expectations directory (saves disk space)
2026-03-07 09:25:02 | INFO     | _clean_output_directories:236 | Cleaned 11 old files
2026-03-07 09:25:02 | INFO     | _create_output_directories:178 | Output directories created/verified
2026-03-07 09:25:02 | INFO     | run:431 | ================================================================================
2026-03-07 09:25:02 | INFO     | run:432 | PROCESSING DATA CHUNKS
2026-03-07 09:25:02 | INFO     | run:433 | ================================================================================
2026-03-07 09:25:02 | INFO     | _process_chunk:261 | Processing chunk 1 (50000 rows)...
2026-03-07 09:25:02 | DEBUG    | _process_chunk:267 | Chunk 1: Profiling columns...
2026-03-07 09:25:03 | DEBUG    | _process_chunk:276 | Chunk 1: Validating schema...
2026-03-07 09:25:03 | WARNING  | _process_chunk:304 | Chunk 1 FAILED validation (8 failed expectations)
2026-03-07 09:25:04 | INFO     | _process_chunk:261 | Processing chunk 2 (50000 rows)...
2026-03-07 09:25:04 | DEBUG    | _process_chunk:267 | Chunk 2: Profiling columns...
2026-03-07 09:25:04 | DEBUG    | _process_chunk:276 | Chunk 2: Validating schema...
2026-03-07 09:25:05 | WARNING  | _process_chunk:304 | Chunk 2 FAILED validation (8 failed expectations)
2026-03-07 09:25:05 | INFO     | _process_chunk:261 | Processing chunk 3 (50000 rows)...
2026-03-07 09:25:05 | DEBUG    | _process_chunk:267 | Chunk 3: Profiling columns...
2026-03-07 09:25:06 | DEBUG    | _process_chunk:276 | Chunk 3: Validating schema...
2026-03-07 09:25:06 | WARNING  | _process_chunk:304 | Chunk 3 FAILED validation (8 failed expectations)
2026-03-07 09:25:07 | INFO     | _process_chunk:261 | Processing chunk 4 (50000 rows)...
2026-03-07 09:25:07 | DEBUG    | _process_chunk:267 | Chunk 4: Profiling columns...
2026-03-07 09:25:07 | DEBUG    | _process_chunk:276 | Chunk 4: Validating schema...
2026-03-07 09:25:08 | WARNING  | _process_chunk:304 | Chunk 4 FAILED validation (8 failed expectations)
2026-03-07 09:25:08 | INFO     | _process_chunk:261 | Processing chunk 5 (50000 rows)...
2026-03-07 09:25:08 | DEBUG    | _process_chunk:267 | Chunk 5: Profiling columns...
2026-03-07 09:25:08 | DEBUG    | _process_chunk:276 | Chunk 5: Validating schema...
2026-03-07 09:25:09 | WARNING  | _process_chunk:304 | Chunk 5 FAILED validation (8 failed expectations)
2026-03-07 09:25:09 | INFO     | _process_chunk:261 | Processing chunk 6 (50000 rows)...
2026-03-07 09:25:09 | DEBUG    | _process_chunk:267 | Chunk 6: Profiling columns...
2026-03-07 09:25:09 | DEBUG    | _process_chunk:276 | Chunk 6: Validating schema...
2026-03-07 09:25:10 | WARNING  | _process_chunk:304 | Chunk 6 FAILED validation (8 failed expectations)
2026-03-07 09:25:10 | INFO     | _process_chunk:261 | Processing chunk 7 (50000 rows)...
2026-03-07 09:25:10 | DEBUG    | _process_chunk:267 | Chunk 7: Profiling columns...
2026-03-07 09:25:11 | DEBUG    | _process_chunk:276 | Chunk 7: Validating schema...
2026-03-07 09:25:11 | WARNING  | _process_chunk:304 | Chunk 7 FAILED validation (8 failed expectations)
2026-03-07 09:25:12 | INFO     | _process_chunk:261 | Processing chunk 8 (50000 rows)...
2026-03-07 09:25:12 | DEBUG    | _process_chunk:267 | Chunk 8: Profiling columns...
2026-03-07 09:25:12 | DEBUG    | _process_chunk:276 | Chunk 8: Validating schema...
2026-03-07 09:25:13 | WARNING  | _process_chunk:304 | Chunk 8 FAILED validation (8 failed expectations)
2026-03-07 09:25:13 | INFO     | _process_chunk:261 | Processing chunk 9 (50000 rows)...
2026-03-07 09:25:13 | DEBUG    | _process_chunk:267 | Chunk 9: Profiling columns...
2026-03-07 09:25:13 | DEBUG    | _process_chunk:276 | Chunk 9: Validating schema...
2026-03-07 09:25:14 | WARNING  | _process_chunk:304 | Chunk 9 FAILED validation (8 failed expectations)
2026-03-07 09:25:14 | INFO     | _process_chunk:261 | Processing chunk 10 (50000 rows)...
2026-03-07 09:25:14 | DEBUG    | _process_chunk:267 | Chunk 10: Profiling columns...
2026-03-07 09:25:15 | DEBUG    | _process_chunk:276 | Chunk 10: Validating schema...
2026-03-07 09:25:15 | WARNING  | _process_chunk:304 | Chunk 10 FAILED validation (8 failed expectations)
2026-03-07 09:25:15 | INFO     | run:448 | Progress: 10 chunks, 500,000 rows processed
2026-03-07 09:25:15 | INFO     | _process_chunk:261 | Processing chunk 11 (50000 rows)...
2026-03-07 09:25:15 | DEBUG    | _process_chunk:267 | Chunk 11: Profiling columns...
2026-03-07 09:25:16 | DEBUG    | _process_chunk:276 | Chunk 11: Validating schema...
2026-03-07 09:25:17 | WARNING  | _process_chunk:304 | Chunk 11 FAILED validation (8 failed expectations)
2026-03-07 09:25:17 | INFO     | _process_chunk:261 | Processing chunk 12 (50000 rows)...
2026-03-07 09:25:17 | DEBUG    | _process_chunk:267 | Chunk 12: Profiling columns...
2026-03-07 09:25:17 | DEBUG    | _process_chunk:276 | Chunk 12: Validating schema...
2026-03-07 09:25:18 | WARNING  | _process_chunk:304 | Chunk 12 FAILED validation (8 failed expectations)
2026-03-07 09:25:18 | INFO     | _process_chunk:261 | Processing chunk 13 (50000 rows)...
2026-03-07 09:25:18 | DEBUG    | _process_chunk:267 | Chunk 13: Profiling columns...
2026-03-07 09:25:19 | DEBUG    | _process_chunk:276 | Chunk 13: Validating schema...
2026-03-07 09:25:19 | WARNING  | _process_chunk:304 | Chunk 13 FAILED validation (8 failed expectations)
2026-03-07 09:25:19 | INFO     | _process_chunk:261 | Processing chunk 14 (50000 rows)...
2026-03-07 09:25:19 | DEBUG    | _process_chunk:267 | Chunk 14: Profiling columns...
2026-03-07 09:25:20 | DEBUG    | _process_chunk:276 | Chunk 14: Validating schema...
2026-03-07 09:25:21 | WARNING  | _process_chunk:304 | Chunk 14 FAILED validation (8 failed expectations)
2026-03-07 09:25:21 | INFO     | _process_chunk:261 | Processing chunk 15 (50000 rows)...
2026-03-07 09:25:21 | DEBUG    | _process_chunk:267 | Chunk 15: Profiling columns...
2026-03-07 09:25:22 | DEBUG    | _process_chunk:276 | Chunk 15: Validating schema...
2026-03-07 09:25:22 | WARNING  | _process_chunk:304 | Chunk 15 FAILED validation (8 failed expectations)
2026-03-07 09:25:23 | INFO     | _process_chunk:261 | Processing chunk 16 (50000 rows)...
2026-03-07 09:25:23 | DEBUG    | _process_chunk:267 | Chunk 16: Profiling columns...
2026-03-07 09:25:24 | DEBUG    | _process_chunk:276 | Chunk 16: Validating schema...
2026-03-07 09:25:24 | WARNING  | _process_chunk:304 | Chunk 16 FAILED validation (8 failed expectations)
2026-03-07 09:25:24 | INFO     | _process_chunk:261 | Processing chunk 17 (50000 rows)...
2026-03-07 09:25:24 | DEBUG    | _process_chunk:267 | Chunk 17: Profiling columns...
2026-03-07 09:25:25 | DEBUG    | _process_chunk:276 | Chunk 17: Validating schema...
2026-03-07 09:25:26 | WARNING  | _process_chunk:304 | Chunk 17 FAILED validation (8 failed expectations)
2026-03-07 09:25:26 | INFO     | _process_chunk:261 | Processing chunk 18 (50000 rows)...
2026-03-07 09:25:26 | DEBUG    | _process_chunk:267 | Chunk 18: Profiling columns...
2026-03-07 09:25:26 | DEBUG    | _process_chunk:276 | Chunk 18: Validating schema...
2026-03-07 09:25:27 | WARNING  | _process_chunk:304 | Chunk 18 FAILED validation (8 failed expectations)
2026-03-07 09:25:28 | INFO     | _process_chunk:261 | Processing chunk 19 (50000 rows)...
2026-03-07 09:25:28 | DEBUG    | _process_chunk:267 | Chunk 19: Profiling columns...
2026-03-07 09:25:28 | DEBUG    | _process_chunk:276 | Chunk 19: Validating schema...
2026-03-07 09:25:29 | WARNING  | _process_chunk:304 | Chunk 19 FAILED validation (8 failed expectations)
2026-03-07 09:25:29 | INFO     | _process_chunk:261 | Processing chunk 20 (50000 rows)...
2026-03-07 09:25:29 | DEBUG    | _process_chunk:267 | Chunk 20: Profiling columns...
2026-03-07 09:25:30 | DEBUG    | _process_chunk:276 | Chunk 20: Validating schema...
2026-03-07 09:25:31 | WARNING  | _process_chunk:304 | Chunk 20 FAILED validation (8 failed expectations)
2026-03-07 09:25:31 | INFO     | run:448 | Progress: 20 chunks, 1,000,000 rows processed
2026-03-07 09:25:31 | INFO     | _generate_overall_report:382 | ================================================================================
2026-03-07 09:25:31 | INFO     | _generate_overall_report:383 | PIPELINE SUMMARY
2026-03-07 09:25:31 | INFO     | _generate_overall_report:384 | ================================================================================
2026-03-07 09:25:31 | INFO     | _generate_overall_report:385 | Total rows processed: 1,000,000
2026-03-07 09:25:31 | INFO     | _generate_overall_report:386 | Total chunks processed: 20
2026-03-07 09:25:31 | INFO     | _generate_overall_report:387 | Successful chunks: 0
2026-03-07 09:25:31 | INFO     | _generate_overall_report:388 | Failed chunks: 20
2026-03-07 09:25:31 | INFO     | _generate_overall_report:389 | Error chunks: 0
2026-03-07 09:25:31 | INFO     | _generate_overall_report:390 | Success rate: 0.0%
2026-03-07 09:25:31 | INFO     | _generate_overall_report:391 | Processing speed: 35,241.82 rows/sec
2026-03-07 09:25:31 | INFO     | _generate_overall_report:392 | Elapsed time: 28.38 seconds
2026-03-07 09:25:31 | INFO     | _generate_overall_report:393 | ================================================================================
2026-03-07 09:25:31 | INFO     | run:466 | ================================================================================
2026-03-07 09:25:31 | INFO     | run:467 | Generating Great Expectations DataDocs...
2026-03-07 09:26:06 | INFO     | run:476 | ✓ DataDocs generated for dataset: DS_001
2026-03-07 09:26:06 | INFO     | run:487 | ✓ Pipeline completed successfully
2026-03-07 09:26:06 | INFO     | run:499 | Pipeline execution time: 64.29 seconds
2026-03-07 09:26:06 | INFO     | run:500 | ================================================================================
