2026-03-07 09:05:37 | INFO     | run:406 | ================================================================================
2026-03-07 09:05:37 | INFO     | run:407 | DATA QUALITY PIPELINE STARTED
2026-03-07 09:05:37 | INFO     | run:408 | ================================================================================
2026-03-07 09:05:37 | INFO     | _load_configuration:94 | ================================================================================
2026-03-07 09:05:37 | INFO     | _load_configuration:95 | Loading configuration file
2026-03-07 09:05:37 | INFO     | _load_configuration:106 | Configuration loaded from: configs/dq_config.yaml
2026-03-07 09:05:37 | DEBUG    | _load_configuration:110 | Config contents: {
  "file_path": "[DS_001]",
  "chunk_size": 100000,
  "parallel_processing": true,
  "num_workers": 6,
  "schema_path": "[DS_001_SCHEMA]",
  "validation_result_format": "SUMMARY",
  "fail_on_error": false,
  "skip_validation": false,
  "enable_profiling": true,
  "include_percentiles": true,
  "include_value_counts": true,
  "max_unique_for_counts": 50,
  "generate_datadocs": true,
  "datadocs_sample_size": 10000,
  "output_dir": "outputs",
  "save_chunk_reports": true,
  "save_overall_report": true,
  "generate_html_report": true,
  "use_schema_dtypes": true,
  "low_memory": true,
  "memory_limit_per_worker_gb": 8,
  "log_level": "INFO",
  "log_to_file": true,
  "log_dir": "logs",
  "log_max_size_mb": 100,
  "log_backup_count": 5,
  "continue_on_chunk_error": true,
  "save_error_details": true,
  "max_retries": 2,
  "auto_estimate_chunk_size": false,
  "available_memory_gb": 64,
  "csv_engine": "c",
  "parse_dates": false,
  "compression": null,
  "progress_report_interval": 10,
  "enable_performance_metrics": true,
  "alert_threshold_failed_chunks_pct": 10,
  "alert_threshold_failed_expectations_pct": 5
}
2026-03-07 09:05:37 | INFO     | _load_configuration:126 | ✓ Schema loaded for dataset: DS_001
2026-03-07 09:05:37 | INFO     | _load_configuration:127 |   Schema contains 22 columns
2026-03-07 09:05:37 | INFO     | _load_configuration:145 | Data file found: DS_001 (128.00 MB)
2026-03-07 09:05:37 | INFO     | _clean_output_directories:189 | Cleaning output directories from previous runs...
2026-03-07 09:05:37 | INFO     | _clean_output_directories:204 |   Deleted 10 chunk reports
2026-03-07 09:05:37 | INFO     | _clean_output_directories:224 |   Deleted 1 summary files
2026-03-07 09:05:37 | INFO     | _clean_output_directories:231 |   Deleted Great Expectations directory (saves disk space)
2026-03-07 09:05:37 | INFO     | _clean_output_directories:236 | Cleaned 11 old files
2026-03-07 09:05:37 | INFO     | _create_output_directories:178 | Output directories created/verified
2026-03-07 09:05:37 | INFO     | run:425 | ================================================================================
2026-03-07 09:05:37 | INFO     | run:426 | PROCESSING DATA CHUNKS
2026-03-07 09:05:37 | INFO     | run:427 | ================================================================================
2026-03-07 09:05:37 | INFO     | _process_chunk:261 | Processing chunk 1 (100000 rows)...
2026-03-07 09:05:37 | DEBUG    | _process_chunk:267 | Chunk 1: Profiling columns...
2026-03-07 09:05:38 | DEBUG    | _process_chunk:271 | Chunk 1: Validating schema...
2026-03-07 09:05:39 | WARNING  | _process_chunk:298 | Chunk 1 FAILED validation (8 failed expectations)
2026-03-07 09:05:39 | INFO     | _process_chunk:261 | Processing chunk 2 (100000 rows)...
2026-03-07 09:05:39 | DEBUG    | _process_chunk:267 | Chunk 2: Profiling columns...
2026-03-07 09:05:40 | DEBUG    | _process_chunk:271 | Chunk 2: Validating schema...
2026-03-07 09:05:41 | WARNING  | _process_chunk:298 | Chunk 2 FAILED validation (8 failed expectations)
2026-03-07 09:05:41 | INFO     | _process_chunk:261 | Processing chunk 3 (100000 rows)...
2026-03-07 09:05:41 | DEBUG    | _process_chunk:267 | Chunk 3: Profiling columns...
2026-03-07 09:05:42 | DEBUG    | _process_chunk:271 | Chunk 3: Validating schema...
2026-03-07 09:05:43 | WARNING  | _process_chunk:298 | Chunk 3 FAILED validation (8 failed expectations)
2026-03-07 09:05:44 | INFO     | _process_chunk:261 | Processing chunk 4 (100000 rows)...
2026-03-07 09:05:44 | DEBUG    | _process_chunk:267 | Chunk 4: Profiling columns...
2026-03-07 09:05:45 | DEBUG    | _process_chunk:271 | Chunk 4: Validating schema...
2026-03-07 09:05:47 | WARNING  | _process_chunk:298 | Chunk 4 FAILED validation (8 failed expectations)
2026-03-07 09:05:47 | INFO     | _process_chunk:261 | Processing chunk 5 (100000 rows)...
2026-03-07 09:05:47 | DEBUG    | _process_chunk:267 | Chunk 5: Profiling columns...
2026-03-07 09:05:48 | DEBUG    | _process_chunk:271 | Chunk 5: Validating schema...
2026-03-07 09:05:49 | WARNING  | _process_chunk:298 | Chunk 5 FAILED validation (8 failed expectations)
2026-03-07 09:05:50 | INFO     | _process_chunk:261 | Processing chunk 6 (100000 rows)...
2026-03-07 09:05:50 | DEBUG    | _process_chunk:267 | Chunk 6: Profiling columns...
2026-03-07 09:05:51 | DEBUG    | _process_chunk:271 | Chunk 6: Validating schema...
2026-03-07 09:05:52 | WARNING  | _process_chunk:298 | Chunk 6 FAILED validation (8 failed expectations)
2026-03-07 09:05:52 | INFO     | _process_chunk:261 | Processing chunk 7 (100000 rows)...
2026-03-07 09:05:52 | DEBUG    | _process_chunk:267 | Chunk 7: Profiling columns...
2026-03-07 09:05:53 | DEBUG    | _process_chunk:271 | Chunk 7: Validating schema...
2026-03-07 09:05:54 | WARNING  | _process_chunk:298 | Chunk 7 FAILED validation (8 failed expectations)
2026-03-07 09:05:54 | INFO     | _process_chunk:261 | Processing chunk 8 (100000 rows)...
2026-03-07 09:05:54 | DEBUG    | _process_chunk:267 | Chunk 8: Profiling columns...
2026-03-07 09:05:55 | DEBUG    | _process_chunk:271 | Chunk 8: Validating schema...
2026-03-07 09:05:56 | WARNING  | _process_chunk:298 | Chunk 8 FAILED validation (8 failed expectations)
2026-03-07 09:05:56 | INFO     | _process_chunk:261 | Processing chunk 9 (100000 rows)...
2026-03-07 09:05:56 | DEBUG    | _process_chunk:267 | Chunk 9: Profiling columns...
2026-03-07 09:05:57 | DEBUG    | _process_chunk:271 | Chunk 9: Validating schema...
2026-03-07 09:05:58 | WARNING  | _process_chunk:298 | Chunk 9 FAILED validation (8 failed expectations)
2026-03-07 09:05:58 | INFO     | _process_chunk:261 | Processing chunk 10 (100000 rows)...
2026-03-07 09:05:58 | DEBUG    | _process_chunk:267 | Chunk 10: Profiling columns...
2026-03-07 09:05:59 | DEBUG    | _process_chunk:271 | Chunk 10: Validating schema...
2026-03-07 09:06:00 | WARNING  | _process_chunk:298 | Chunk 10 FAILED validation (8 failed expectations)
2026-03-07 09:06:00 | INFO     | run:442 | Progress: 10 chunks, 1,000,000 rows processed
2026-03-07 09:06:00 | INFO     | _generate_overall_report:376 | ================================================================================
2026-03-07 09:06:00 | INFO     | _generate_overall_report:377 | PIPELINE SUMMARY
2026-03-07 09:06:00 | INFO     | _generate_overall_report:378 | ================================================================================
2026-03-07 09:06:00 | INFO     | _generate_overall_report:379 | Total rows processed: 1,000,000
2026-03-07 09:06:00 | INFO     | _generate_overall_report:380 | Total chunks processed: 10
2026-03-07 09:06:00 | INFO     | _generate_overall_report:381 | Successful chunks: 0
2026-03-07 09:06:00 | INFO     | _generate_overall_report:382 | Failed chunks: 10
2026-03-07 09:06:00 | INFO     | _generate_overall_report:383 | Error chunks: 0
2026-03-07 09:06:00 | INFO     | _generate_overall_report:384 | Success rate: 0.0%
2026-03-07 09:06:00 | INFO     | _generate_overall_report:385 | Processing speed: 43,833.68 rows/sec
2026-03-07 09:06:00 | INFO     | _generate_overall_report:386 | Elapsed time: 22.81 seconds
2026-03-07 09:06:00 | INFO     | _generate_overall_report:387 | ================================================================================
2026-03-07 09:06:00 | INFO     | run:460 | ================================================================================
2026-03-07 09:06:00 | INFO     | run:461 | Generating Great Expectations DataDocs...
2026-03-07 09:06:03 | INFO     | run:470 | ✓ DataDocs generated for dataset: DS_001
2026-03-07 09:06:03 | INFO     | run:481 | ✓ Pipeline completed successfully
2026-03-07 09:06:03 | INFO     | run:493 | Pipeline execution time: 26.31 seconds
2026-03-07 09:06:03 | INFO     | run:494 | ================================================================================
