2026-03-07 08:37:43 | INFO     | run:390 | ================================================================================
2026-03-07 08:37:43 | INFO     | run:391 | DATA QUALITY PIPELINE STARTED
2026-03-07 08:37:43 | INFO     | run:392 | ================================================================================
2026-03-07 08:37:43 | INFO     | _load_configuration:89 | ================================================================================
2026-03-07 08:37:43 | INFO     | _load_configuration:90 | Loading configuration file
2026-03-07 08:37:43 | INFO     | _load_configuration:101 | Configuration loaded from: configs/dq_config.yaml
2026-03-07 08:37:43 | DEBUG    | _load_configuration:102 | Config contents: {
  "file_path": "data/raw/global_health_data.csv",
  "chunk_size": 100000,
  "parallel_processing": true,
  "num_workers": 6,
  "schema_path": "schemas/health_schema.json",
  "validation_result_format": "SUMMARY",
  "fail_on_error": false,
  "skip_validation": false,
  "enable_profiling": true,
  "include_percentiles": true,
  "include_value_counts": true,
  "max_unique_for_counts": 50,
  "generate_datadocs": true,
  "datadocs_sample_size": 10000,
  "output_dir": "outputs",
  "save_chunk_reports": true,
  "save_overall_report": true,
  "generate_html_report": true,
  "use_schema_dtypes": true,
  "low_memory": true,
  "memory_limit_per_worker_gb": 8,
  "log_level": "INFO",
  "log_to_file": true,
  "log_dir": "logs",
  "log_max_size_mb": 100,
  "log_backup_count": 5,
  "continue_on_chunk_error": true,
  "save_error_details": true,
  "max_retries": 2,
  "auto_estimate_chunk_size": false,
  "available_memory_gb": 64,
  "csv_engine": "c",
  "parse_dates": false,
  "compression": null,
  "progress_report_interval": 10,
  "enable_performance_metrics": true,
  "alert_threshold_failed_chunks_pct": 10,
  "alert_threshold_failed_expectations_pct": 5
}
2026-03-07 08:37:43 | INFO     | _load_configuration:114 | ✓ Schema loaded from: schemas/health_schema.json
2026-03-07 08:37:43 | INFO     | _load_configuration:115 |   Schema contains 22 columns
2026-03-07 08:37:43 | INFO     | _load_configuration:132 | Data file found: data/raw/global_health_data.csv (128.00 MB)
2026-03-07 08:37:43 | INFO     | _clean_output_directories:176 | Cleaning output directories from previous runs...
2026-03-07 08:37:43 | INFO     | _clean_output_directories:191 |   Deleted 10 chunk reports
2026-03-07 08:37:43 | INFO     | _clean_output_directories:211 |   Deleted 1 summary files
2026-03-07 08:37:44 | INFO     | _clean_output_directories:218 |   Deleted Great Expectations directory (saves disk space)
2026-03-07 08:37:44 | INFO     | _clean_output_directories:223 | Cleaned 11 old files
2026-03-07 08:37:44 | INFO     | _create_output_directories:165 | Output directories created/verified
2026-03-07 08:37:44 | INFO     | run:409 | ================================================================================
2026-03-07 08:37:44 | INFO     | run:410 | PROCESSING DATA CHUNKS
2026-03-07 08:37:44 | INFO     | run:411 | ================================================================================
2026-03-07 08:37:44 | INFO     | _process_chunk:248 | Processing chunk 1 (100000 rows)...
2026-03-07 08:37:44 | DEBUG    | _process_chunk:254 | Chunk 1: Profiling columns...
2026-03-07 08:37:44 | DEBUG    | _process_chunk:258 | Chunk 1: Validating schema...
2026-03-07 08:37:46 | WARNING  | _process_chunk:282 | Chunk 1 FAILED validation (8 failed expectations)
2026-03-07 08:37:46 | INFO     | _process_chunk:248 | Processing chunk 2 (100000 rows)...
2026-03-07 08:37:46 | DEBUG    | _process_chunk:254 | Chunk 2: Profiling columns...
2026-03-07 08:37:47 | DEBUG    | _process_chunk:258 | Chunk 2: Validating schema...
2026-03-07 08:37:48 | WARNING  | _process_chunk:282 | Chunk 2 FAILED validation (8 failed expectations)
2026-03-07 08:37:48 | INFO     | _process_chunk:248 | Processing chunk 3 (100000 rows)...
2026-03-07 08:37:48 | DEBUG    | _process_chunk:254 | Chunk 3: Profiling columns...
2026-03-07 08:37:49 | DEBUG    | _process_chunk:258 | Chunk 3: Validating schema...
2026-03-07 08:37:50 | WARNING  | _process_chunk:282 | Chunk 3 FAILED validation (8 failed expectations)
2026-03-07 08:37:50 | INFO     | _process_chunk:248 | Processing chunk 4 (100000 rows)...
2026-03-07 08:37:50 | DEBUG    | _process_chunk:254 | Chunk 4: Profiling columns...
2026-03-07 08:37:51 | DEBUG    | _process_chunk:258 | Chunk 4: Validating schema...
2026-03-07 08:37:52 | WARNING  | _process_chunk:282 | Chunk 4 FAILED validation (8 failed expectations)
2026-03-07 08:37:52 | INFO     | _process_chunk:248 | Processing chunk 5 (100000 rows)...
2026-03-07 08:37:52 | DEBUG    | _process_chunk:254 | Chunk 5: Profiling columns...
2026-03-07 08:37:53 | DEBUG    | _process_chunk:258 | Chunk 5: Validating schema...
2026-03-07 08:37:54 | WARNING  | _process_chunk:282 | Chunk 5 FAILED validation (8 failed expectations)
2026-03-07 08:37:54 | INFO     | _process_chunk:248 | Processing chunk 6 (100000 rows)...
2026-03-07 08:37:54 | DEBUG    | _process_chunk:254 | Chunk 6: Profiling columns...
2026-03-07 08:37:55 | DEBUG    | _process_chunk:258 | Chunk 6: Validating schema...
2026-03-07 08:37:56 | WARNING  | _process_chunk:282 | Chunk 6 FAILED validation (8 failed expectations)
2026-03-07 08:37:56 | INFO     | _process_chunk:248 | Processing chunk 7 (100000 rows)...
2026-03-07 08:37:56 | DEBUG    | _process_chunk:254 | Chunk 7: Profiling columns...
2026-03-07 08:37:57 | DEBUG    | _process_chunk:258 | Chunk 7: Validating schema...
2026-03-07 08:37:58 | WARNING  | _process_chunk:282 | Chunk 7 FAILED validation (8 failed expectations)
2026-03-07 08:37:58 | INFO     | _process_chunk:248 | Processing chunk 8 (100000 rows)...
2026-03-07 08:37:58 | DEBUG    | _process_chunk:254 | Chunk 8: Profiling columns...
2026-03-07 08:37:59 | DEBUG    | _process_chunk:258 | Chunk 8: Validating schema...
2026-03-07 08:38:00 | WARNING  | _process_chunk:282 | Chunk 8 FAILED validation (8 failed expectations)
2026-03-07 08:38:00 | INFO     | _process_chunk:248 | Processing chunk 9 (100000 rows)...
2026-03-07 08:38:00 | DEBUG    | _process_chunk:254 | Chunk 9: Profiling columns...
2026-03-07 08:38:01 | DEBUG    | _process_chunk:258 | Chunk 9: Validating schema...
2026-03-07 08:38:02 | WARNING  | _process_chunk:282 | Chunk 9 FAILED validation (8 failed expectations)
2026-03-07 08:38:02 | INFO     | _process_chunk:248 | Processing chunk 10 (100000 rows)...
2026-03-07 08:38:02 | DEBUG    | _process_chunk:254 | Chunk 10: Profiling columns...
2026-03-07 08:38:03 | DEBUG    | _process_chunk:258 | Chunk 10: Validating schema...
2026-03-07 08:38:04 | WARNING  | _process_chunk:282 | Chunk 10 FAILED validation (8 failed expectations)
2026-03-07 08:38:04 | INFO     | run:424 | Progress: 10 chunks, 1,000,000 rows processed
2026-03-07 08:38:04 | INFO     | _generate_overall_report:360 | ================================================================================
2026-03-07 08:38:04 | INFO     | _generate_overall_report:361 | PIPELINE SUMMARY
2026-03-07 08:38:04 | INFO     | _generate_overall_report:362 | ================================================================================
2026-03-07 08:38:04 | INFO     | _generate_overall_report:363 | Total rows processed: 1,000,000
2026-03-07 08:38:04 | INFO     | _generate_overall_report:364 | Total chunks processed: 10
2026-03-07 08:38:04 | INFO     | _generate_overall_report:365 | Successful chunks: 0
2026-03-07 08:38:04 | INFO     | _generate_overall_report:366 | Failed chunks: 10
2026-03-07 08:38:04 | INFO     | _generate_overall_report:367 | Error chunks: 0
2026-03-07 08:38:04 | INFO     | _generate_overall_report:368 | Success rate: 0.0%
2026-03-07 08:38:04 | INFO     | _generate_overall_report:369 | Processing speed: 49,683.42 rows/sec
2026-03-07 08:38:04 | INFO     | _generate_overall_report:370 | Elapsed time: 20.13 seconds
2026-03-07 08:38:04 | INFO     | _generate_overall_report:371 | ================================================================================
2026-03-07 08:38:04 | INFO     | run:442 | ================================================================================
2026-03-07 08:38:04 | INFO     | run:443 | Generating Great Expectations DataDocs...
2026-03-07 08:38:06 | INFO     | run:451 | ✓ DataDocs generated at: R:\Dummy_Project\dataQualityImproved\outputs\great_expectations\uncommitted\data_docs\local_site\index.html
2026-03-07 08:38:06 | INFO     | run:462 | ✓ Pipeline completed successfully
2026-03-07 08:38:06 | INFO     | run:474 | Pipeline execution time: 22.40 seconds
2026-03-07 08:38:06 | INFO     | run:475 | ================================================================================
